{"E:\\sample\\ldng.lexus\\react-app\\src\\GetAccessTokenButton.js": {"path":"E:\\sample\\ldng.lexus\\react-app\\src\\GetAccessTokenButton.js","statementMap":{"0":{"start":{"line":4,"column":23},"end":{"line":9,"column":3}},"1":{"start":{"line":6,"column":4},"end":{"line":8,"column":7}},"2":{"start":{"line":7,"column":6},"end":{"line":7,"column":31}},"3":{"start":{"line":11,"column":2},"end":{"line":21,"column":4}}},"fnMap":{"0":{"name":"GetTokenButton","decl":{"start":{"line":3,"column":24},"end":{"line":3,"column":38}},"loc":{"start":{"line":3,"column":53},"end":{"line":22,"column":1}},"line":3},"1":{"name":"(anonymous_1)","decl":{"start":{"line":4,"column":23},"end":{"line":4,"column":24}},"loc":{"start":{"line":4,"column":29},"end":{"line":9,"column":3}},"line":4},"2":{"name":"(anonymous_2)","decl":{"start":{"line":6,"column":35},"end":{"line":6,"column":36}},"loc":{"start":{"line":6,"column":44},"end":{"line":8,"column":5}},"line":6}},"branchMap":{},"s":{"0":0,"1":0,"2":0,"3":0},"f":{"0":0,"1":0,"2":0},"b":{},"hash":"dcef2bed2e9a916172c73bbc3227a82a88f8a498"}
,"E:\\sample\\ldng.lexus\\react-app\\src\\GetIdTokenButton.js": {"path":"E:\\sample\\ldng.lexus\\react-app\\src\\GetIdTokenButton.js","statementMap":{"0":{"start":{"line":4,"column":23},"end":{"line":8,"column":3}},"1":{"start":{"line":5,"column":4},"end":{"line":7,"column":7}},"2":{"start":{"line":6,"column":6},"end":{"line":6,"column":38}},"3":{"start":{"line":10,"column":2},"end":{"line":20,"column":4}}},"fnMap":{"0":{"name":"GetTokenButton","decl":{"start":{"line":3,"column":24},"end":{"line":3,"column":38}},"loc":{"start":{"line":3,"column":53},"end":{"line":21,"column":1}},"line":3},"1":{"name":"(anonymous_1)","decl":{"start":{"line":4,"column":23},"end":{"line":4,"column":24}},"loc":{"start":{"line":4,"column":29},"end":{"line":8,"column":3}},"line":4},"2":{"name":"(anonymous_2)","decl":{"start":{"line":5,"column":31},"end":{"line":5,"column":32}},"loc":{"start":{"line":5,"column":40},"end":{"line":7,"column":5}},"line":5}},"branchMap":{},"s":{"0":0,"1":0,"2":0,"3":0},"f":{"0":0,"1":0,"2":0},"b":{},"hash":"5ac8b05266ada2cefb011d89df8be13bf3be1180"}
,"E:\\sample\\ldng.lexus\\react-app\\src\\authProvider.js": {"path":"E:\\sample\\ldng.lexus\\react-app\\src\\authProvider.js","statementMap":{"0":{"start":{"line":7,"column":28},"end":{"line":48,"column":1}},"1":{"start":{"line":25,"column":10},"end":{"line":25,"column":41}}},"fnMap":{"0":{"name":"(anonymous_0)","decl":{"start":{"line":24,"column":8},"end":{"line":24,"column":9}},"loc":{"start":{"line":24,"column":44},"end":{"line":26,"column":9}},"line":24}},"branchMap":{},"s":{"0":0,"1":0},"f":{"0":0},"b":{},"hash":"7ca9ddabfff2781d26cf0acb35d39a50d03bee7b"}
,"E:\\sample\\ldng.lexus\\react-app\\src\\react-app-env.d.ts": {"path":"E:\\sample\\ldng.lexus\\react-app\\src\\react-app-env.d.ts","statementMap":{},"fnMap":{},"branchMap":{},"s":{},"f":{},"b":{},"hash":"6afb9473336202eb4cc63fc15e4c1d1059af1a65"}
,"E:\\sample\\ldng.lexus\\react-app\\src\\reduxStore.js": {"path":"E:\\sample\\ldng.lexus\\react-app\\src\\reduxStore.js","statementMap":{"0":{"start":{"line":4,"column":21},"end":{"line":10,"column":1}},"1":{"start":{"line":12,"column":20},"end":{"line":63,"column":1}},"2":{"start":{"line":13,"column":2},"end":{"line":61,"column":3}},"3":{"start":{"line":15,"column":6},"end":{"line":19,"column":8}},"4":{"start":{"line":21,"column":6},"end":{"line":25,"column":8}},"5":{"start":{"line":27,"column":6},"end":{"line":30,"column":8}},"6":{"start":{"line":32,"column":6},"end":{"line":35,"column":8}},"7":{"start":{"line":37,"column":6},"end":{"line":40,"column":8}},"8":{"start":{"line":42,"column":6},"end":{"line":42,"column":71}},"9":{"start":{"line":43,"column":6},"end":{"line":43,"column":41}},"10":{"start":{"line":44,"column":6},"end":{"line":47,"column":8}},"11":{"start":{"line":51,"column":6},"end":{"line":51,"column":82}},"12":{"start":{"line":52,"column":6},"end":{"line":52,"column":78}},"13":{"start":{"line":53,"column":6},"end":{"line":53,"column":75}},"14":{"start":{"line":55,"column":6},"end":{"line":58,"column":8}},"15":{"start":{"line":60,"column":6},"end":{"line":60,"column":19}},"16":{"start":{"line":65,"column":31},"end":{"line":70,"column":1}}},"fnMap":{"0":{"name":"(anonymous_0)","decl":{"start":{"line":12,"column":20},"end":{"line":12,"column":21}},"loc":{"start":{"line":12,"column":54},"end":{"line":63,"column":1}},"line":12}},"branchMap":{"0":{"loc":{"start":{"line":12,"column":21},"end":{"line":12,"column":41}},"type":"default-arg","locations":[{"start":{"line":12,"column":29},"end":{"line":12,"column":41}}],"line":12},"1":{"loc":{"start":{"line":13,"column":2},"end":{"line":61,"column":3}},"type":"switch","locations":[{"start":{"line":14,"column":4},"end":{"line":19,"column":8}},{"start":{"line":20,"column":4},"end":{"line":25,"column":8}},{"start":{"line":26,"column":4},"end":{"line":30,"column":8}},{"start":{"line":31,"column":4},"end":{"line":35,"column":8}},{"start":{"line":36,"column":4},"end":{"line":40,"column":8}},{"start":{"line":41,"column":4},"end":{"line":47,"column":8}},{"start":{"line":48,"column":4},"end":{"line":48,"column":42}},{"start":{"line":49,"column":4},"end":{"line":49,"column":52}},{"start":{"line":50,"column":4},"end":{"line":53,"column":75}},{"start":{"line":54,"column":4},"end":{"line":58,"column":8}},{"start":{"line":59,"column":4},"end":{"line":60,"column":19}}],"line":13},"2":{"loc":{"start":{"line":69,"column":2},"end":{"line":69,"column":78}},"type":"binary-expr","locations":[{"start":{"line":69,"column":2},"end":{"line":69,"column":37}},{"start":{"line":69,"column":41},"end":{"line":69,"column":78}}],"line":69}},"s":{"0":0,"1":0,"2":0,"3":0,"4":0,"5":0,"6":0,"7":0,"8":0,"9":0,"10":0,"11":0,"12":0,"13":0,"14":0,"15":0,"16":0},"f":{"0":0},"b":{"0":[0],"1":[0,0,0,0,0,0,0,0,0,0,0],"2":[0,0]},"hash":"846ed469510182cf3d853b6fafe279290b9d3ca5"}
,"E:\\sample\\ldng.lexus\\react-app\\src\\SliderArrow\\index.tsx": {"path":"E:\\sample\\ldng.lexus\\react-app\\src\\SliderArrow\\index.tsx","statementMap":{"0":{"start":{"line":9,"column":20},"end":{"line":17,"column":1}},"1":{"start":{"line":10,"column":4},"end":{"line":16,"column":6}}},"fnMap":{"0":{"name":"(anonymous_0)","decl":{"start":{"line":9,"column":20},"end":{"line":9,"column":21}},"loc":{"start":{"line":9,"column":38},"end":{"line":17,"column":1}},"line":9}},"branchMap":{},"s":{"0":0,"1":0},"f":{"0":0},"b":{},"hash":"a0989efb989579508a3e5813bd780db3746e486d"}
,"E:\\sample\\ldng.lexus\\react-app\\src\\components\\import-components.js": {"path":"E:\\sample\\ldng.lexus\\react-app\\src\\components\\import-components.js","statementMap":{},"fnMap":{},"branchMap":{},"s":{},"f":{},"b":{},"hash":"72c0c68b6e383398aab9ac7cdd2e04889e3a5269"}
,"E:\\sample\\ldng.lexus\\react-app\\src\\components\\App\\App.css": {"path":"E:\\sample\\ldng.lexus\\react-app\\src\\components\\App\\App.css","statementMap":{"0":{"start":{"line":1,"column":0},"end":{"line":1,"column":20}}},"fnMap":{},"branchMap":{},"s":{"0":1},"f":{},"b":{},"_coverageSchema":"43e27e138ebf9cfc5966b082cf9a028302ed4184","hash":"02f61b55fd52f012074a4143ddc5d901e10d33a5"}
,"E:\\sample\\ldng.lexus\\react-app\\src\\components\\App\\index.js": {"path":"E:\\sample\\ldng.lexus\\react-app\\src\\components\\App\\index.js","statementMap":{"0":{"start":{"line":20,"column":0},"end":{"line":20,"column":21}},"1":{"start":{"line":25,"column":8},"end":{"line":32,"column":9}}},"fnMap":{"0":{"name":"(anonymous_0)","decl":{"start":{"line":24,"column":4},"end":{"line":24,"column":5}},"loc":{"start":{"line":24,"column":13},"end":{"line":33,"column":5}},"line":24}},"branchMap":{},"s":{"0":1,"1":1},"f":{"0":1},"b":{},"_coverageSchema":"43e27e138ebf9cfc5966b082cf9a028302ed4184","hash":"6f8a126904c53447793907ccbddcd4ba56825f45"}
,"E:\\sample\\ldng.lexus\\react-app\\src\\components\\ExploreDrivers\\index.js": {"path":"E:\\sample\\ldng.lexus\\react-app\\src\\components\\ExploreDrivers\\index.js","statementMap":{"0":{"start":{"line":8,"column":33},"end":{"line":17,"column":1}},"1":{"start":{"line":14,"column":8},"end":{"line":14,"column":20}},"2":{"start":{"line":22,"column":25},"end":{"line":53,"column":9}},"3":{"start":{"line":54,"column":8},"end":{"line":134,"column":10}}},"fnMap":{"0":{"name":"(anonymous_0)","decl":{"start":{"line":12,"column":13},"end":{"line":12,"column":14}},"loc":{"start":{"line":12,"column":30},"end":{"line":16,"column":5}},"line":12},"1":{"name":"(anonymous_1)","decl":{"start":{"line":21,"column":4},"end":{"line":21,"column":5}},"loc":{"start":{"line":21,"column":13},"end":{"line":135,"column":5}},"line":21}},"branchMap":{},"s":{"0":0,"1":0,"2":0,"3":0},"f":{"0":0,"1":0},"b":{},"hash":"2b7964e26d96af8bfc52148b41ef5015a6444ec1"}
,"E:\\sample\\ldng.lexus\\react-app\\src\\components\\Manuals\\index.js": {"path":"E:\\sample\\ldng.lexus\\react-app\\src\\components\\Manuals\\index.js","statementMap":{"0":{"start":{"line":21,"column":1},"end":{"line":21,"column":25}},"1":{"start":{"line":24,"column":27},"end":{"line":31,"column":2}},"2":{"start":{"line":36,"column":16},"end":{"line":216,"column":18}},"3":{"start":{"line":221,"column":1},"end":{"line":221,"column":62}}},"fnMap":{"0":{"name":"(anonymous_0)","decl":{"start":{"line":28,"column":14},"end":{"line":28,"column":15}},"loc":{"start":{"line":28,"column":30},"end":{"line":30,"column":5}},"line":28},"1":{"name":"(anonymous_1)","decl":{"start":{"line":35,"column":5},"end":{"line":35,"column":6}},"loc":{"start":{"line":35,"column":14},"end":{"line":218,"column":6}},"line":35}},"branchMap":{},"s":{"0":0,"1":0,"2":0,"3":0},"f":{"0":0,"1":0},"b":{},"hash":"ae053a2f51811f4eaed710ee8ad1a1b4cd709840"}
,"E:\\sample\\ldng.lexus\\react-app\\src\\components\\Page\\Page.css": {"path":"E:\\sample\\ldng.lexus\\react-app\\src\\components\\Page\\Page.css","statementMap":{"0":{"start":{"line":1,"column":0},"end":{"line":1,"column":20}}},"fnMap":{},"branchMap":{},"s":{"0":1},"f":{},"b":{},"_coverageSchema":"43e27e138ebf9cfc5966b082cf9a028302ed4184","hash":"ee8172e16a83db8ce0b2d8ab568d6d7aa1e5878c"}
,"E:\\sample\\ldng.lexus\\react-app\\src\\components\\Page\\index.js": {"path":"E:\\sample\\ldng.lexus\\react-app\\src\\components\\Page\\index.js","statementMap":{"0":{"start":{"line":19,"column":0},"end":{"line":19,"column":22}},"1":{"start":{"line":26,"column":20},"end":{"line":26,"column":40}},"2":{"start":{"line":27,"column":8},"end":{"line":27,"column":96}},"3":{"start":{"line":28,"column":8},"end":{"line":28,"column":20}}},"fnMap":{"0":{"name":"(anonymous_0)","decl":{"start":{"line":25,"column":4},"end":{"line":25,"column":5}},"loc":{"start":{"line":25,"column":25},"end":{"line":29,"column":5}},"line":25}},"branchMap":{"0":{"loc":{"start":{"line":27,"column":27},"end":{"line":27,"column":48}},"type":"binary-expr","locations":[{"start":{"line":27,"column":27},"end":{"line":27,"column":42}},{"start":{"line":27,"column":46},"end":{"line":27,"column":48}}],"line":27},"1":{"loc":{"start":{"line":27,"column":64},"end":{"line":27,"column":94}},"type":"binary-expr","locations":[{"start":{"line":27,"column":64},"end":{"line":27,"column":88}},{"start":{"line":27,"column":92},"end":{"line":27,"column":94}}],"line":27}},"s":{"0":1,"1":2,"2":2,"3":2},"f":{"0":2},"b":{"0":[2,0],"1":[2,1]},"_coverageSchema":"43e27e138ebf9cfc5966b082cf9a028302ed4184","hash":"e93be7b2e6d17f6c48f83a87b6dc7fd873fbf9af"}
,"E:\\sample\\ldng.lexus\\react-app\\src\\components\\RouteHelper\\index.js": {"path":"E:\\sample\\ldng.lexus\\react-app\\src\\components\\RouteHelper\\index.js","statementMap":{"0":{"start":{"line":30,"column":25},"end":{"line":46,"column":1}},"1":{"start":{"line":31,"column":4},"end":{"line":45,"column":5}},"2":{"start":{"line":33,"column":28},"end":{"line":33,"column":45}},"3":{"start":{"line":34,"column":12},"end":{"line":36,"column":13}},"4":{"start":{"line":35,"column":16},"end":{"line":35,"column":59}},"5":{"start":{"line":38,"column":12},"end":{"line":38,"column":44}},"6":{"start":{"line":41,"column":12},"end":{"line":43,"column":18}},"7":{"start":{"line":42,"column":16},"end":{"line":42,"column":75}}},"fnMap":{"0":{"name":"(anonymous_0)","decl":{"start":{"line":30,"column":25},"end":{"line":30,"column":26}},"loc":{"start":{"line":30,"column":58},"end":{"line":46,"column":1}},"line":30},"1":{"name":"(anonymous_1)","decl":{"start":{"line":32,"column":8},"end":{"line":32,"column":9}},"loc":{"start":{"line":32,"column":17},"end":{"line":44,"column":9}},"line":32},"2":{"name":"(anonymous_2)","decl":{"start":{"line":41,"column":112},"end":{"line":41,"column":113}},"loc":{"start":{"line":41,"column":128},"end":{"line":43,"column":13}},"line":41}},"branchMap":{"0":{"loc":{"start":{"line":34,"column":12},"end":{"line":36,"column":13}},"type":"if","locations":[{"start":{"line":34,"column":12},"end":{"line":36,"column":13}},{"start":{"line":34,"column":12},"end":{"line":36,"column":13}}],"line":34},"1":{"loc":{"start":{"line":38,"column":24},"end":{"line":38,"column":43}},"type":"binary-expr","locations":[{"start":{"line":38,"column":24},"end":{"line":38,"column":33}},{"start":{"line":38,"column":37},"end":{"line":38,"column":43}}],"line":38}},"s":{"0":2,"1":7,"2":5,"3":5,"4":3,"5":2,"6":2,"7":1},"f":{"0":7,"1":5,"2":1},"b":{"0":[3,2],"1":[2,2]},"_coverageSchema":"43e27e138ebf9cfc5966b082cf9a028302ed4184","hash":"140a9bc8fa33d10bcbda74ddcbebdc5d1e655405"}
,"E:\\sample\\ldng.lexus\\react-app\\src\\components\\Text\\Text.css": {"path":"E:\\sample\\ldng.lexus\\react-app\\src\\components\\Text\\Text.css","statementMap":{"0":{"start":{"line":1,"column":0},"end":{"line":1,"column":20}}},"fnMap":{},"branchMap":{},"s":{"0":1},"f":{},"b":{},"_coverageSchema":"43e27e138ebf9cfc5966b082cf9a028302ed4184","hash":"ab73dc6d8348bddcf58bee2bdff7310bffa19cf9"}
,"E:\\sample\\ldng.lexus\\react-app\\src\\components\\Text\\index.js": {"path":"E:\\sample\\ldng.lexus\\react-app\\src\\components\\Text\\index.js","statementMap":{"0":{"start":{"line":21,"column":0},"end":{"line":21,"column":22}},"1":{"start":{"line":28,"column":23},"end":{"line":35,"column":1}},"2":{"start":{"line":33,"column":8},"end":{"line":33,"column":69}},"3":{"start":{"line":43,"column":8},"end":{"line":43,"column":155}},"4":{"start":{"line":47,"column":8},"end":{"line":47,"column":44}},"5":{"start":{"line":51,"column":8},"end":{"line":51,"column":77}}},"fnMap":{"0":{"name":"(anonymous_0)","decl":{"start":{"line":32,"column":13},"end":{"line":32,"column":14}},"loc":{"start":{"line":32,"column":29},"end":{"line":34,"column":5}},"line":32},"1":{"name":"(anonymous_1)","decl":{"start":{"line":42,"column":4},"end":{"line":42,"column":5}},"loc":{"start":{"line":42,"column":26},"end":{"line":44,"column":5}},"line":42},"2":{"name":"(anonymous_2)","decl":{"start":{"line":46,"column":4},"end":{"line":46,"column":5}},"loc":{"start":{"line":46,"column":22},"end":{"line":48,"column":5}},"line":46},"3":{"name":"(anonymous_3)","decl":{"start":{"line":50,"column":4},"end":{"line":50,"column":5}},"loc":{"start":{"line":50,"column":13},"end":{"line":52,"column":5}},"line":50}},"branchMap":{"0":{"loc":{"start":{"line":33,"column":15},"end":{"line":33,"column":68}},"type":"binary-expr","locations":[{"start":{"line":33,"column":15},"end":{"line":33,"column":21}},{"start":{"line":33,"column":25},"end":{"line":33,"column":36}},{"start":{"line":33,"column":40},"end":{"line":33,"column":68}}],"line":33},"1":{"loc":{"start":{"line":51,"column":15},"end":{"line":51,"column":76}},"type":"cond-expr","locations":[{"start":{"line":51,"column":37},"end":{"line":51,"column":57}},{"start":{"line":51,"column":60},"end":{"line":51,"column":76}}],"line":51}},"s":{"0":1,"1":1,"2":0,"3":3,"4":2,"5":5},"f":{"0":0,"1":3,"2":2,"3":5},"b":{"0":[0,0,0],"1":[3,2]},"_coverageSchema":"43e27e138ebf9cfc5966b082cf9a028302ed4184","hash":"e512adc071e76ea9713e62707638e20ae61941ba"}
,"E:\\sample\\ldng.lexus\\react-app\\src\\components\\image\\index.js": {"path":"E:\\sample\\ldng.lexus\\react-app\\src\\components\\image\\index.js","statementMap":{"0":{"start":{"line":4,"column":0},"end":{"line":4,"column":22}},"1":{"start":{"line":6,"column":24},"end":{"line":13,"column":1}},"2":{"start":{"line":10,"column":8},"end":{"line":10,"column":67}},"3":{"start":{"line":18,"column":8},"end":{"line":20,"column":9}},"4":{"start":{"line":19,"column":12},"end":{"line":19,"column":77}},"5":{"start":{"line":21,"column":8},"end":{"line":21,"column":20}},"6":{"start":{"line":27,"column":8},"end":{"line":28,"column":71}},"7":{"start":{"line":32,"column":8},"end":{"line":35,"column":16}}},"fnMap":{"0":{"name":"(anonymous_0)","decl":{"start":{"line":9,"column":13},"end":{"line":9,"column":14}},"loc":{"start":{"line":9,"column":30},"end":{"line":11,"column":5}},"line":9},"1":{"name":"(anonymous_1)","decl":{"start":{"line":17,"column":4},"end":{"line":17,"column":5}},"loc":{"start":{"line":17,"column":18},"end":{"line":22,"column":5}},"line":17},"2":{"name":"(anonymous_2)","decl":{"start":{"line":24,"column":4},"end":{"line":24,"column":5}},"loc":{"start":{"line":24,"column":18},"end":{"line":29,"column":5}},"line":24},"3":{"name":"(anonymous_3)","decl":{"start":{"line":31,"column":4},"end":{"line":31,"column":5}},"loc":{"start":{"line":31,"column":13},"end":{"line":36,"column":5}},"line":31}},"branchMap":{"0":{"loc":{"start":{"line":10,"column":15},"end":{"line":10,"column":66}},"type":"binary-expr","locations":[{"start":{"line":10,"column":15},"end":{"line":10,"column":21}},{"start":{"line":10,"column":25},"end":{"line":10,"column":35}},{"start":{"line":10,"column":39},"end":{"line":10,"column":66}}],"line":10},"1":{"loc":{"start":{"line":18,"column":8},"end":{"line":20,"column":9}},"type":"if","locations":[{"start":{"line":18,"column":8},"end":{"line":20,"column":9}},{"start":{"line":18,"column":8},"end":{"line":20,"column":9}}],"line":18},"2":{"loc":{"start":{"line":18,"column":12},"end":{"line":18,"column":59}},"type":"binary-expr","locations":[{"start":{"line":18,"column":12},"end":{"line":18,"column":28}},{"start":{"line":18,"column":32},"end":{"line":18,"column":59}}],"line":18},"3":{"loc":{"start":{"line":28,"column":19},"end":{"line":28,"column":67}},"type":"binary-expr","locations":[{"start":{"line":28,"column":19},"end":{"line":28,"column":47}},{"start":{"line":28,"column":51},"end":{"line":28,"column":67}}],"line":28}},"s":{"0":0,"1":0,"2":0,"3":0,"4":0,"5":0,"6":0,"7":0},"f":{"0":0,"1":0,"2":0,"3":0},"b":{"0":[0,0,0],"1":[0,0],"2":[0,0],"3":[0,0]},"hash":"ed3481a43d34f34988e88fd4453ee8826443910e"}
,"E:\\sample\\ldng.lexus\\react-app\\src\\components\\weather\\index.js": {"path":"E:\\sample\\ldng.lexus\\react-app\\src\\components\\weather\\index.js","statementMap":{"0":{"start":{"line":24,"column":0},"end":{"line":24,"column":25}},"1":{"start":{"line":26,"column":26},"end":{"line":32,"column":1}},"2":{"start":{"line":30,"column":4},"end":{"line":30,"column":16}},"3":{"start":{"line":36,"column":4},"end":{"line":36,"column":17}},"4":{"start":{"line":39,"column":20},"end":{"line":39,"column":53}},"5":{"start":{"line":40,"column":4},"end":{"line":40,"column":40}},"6":{"start":{"line":41,"column":4},"end":{"line":41,"column":45}},"7":{"start":{"line":44,"column":4},"end":{"line":98,"column":6}},"8":{"start":{"line":61,"column":41},"end":{"line":61,"column":95}},"9":{"start":{"line":62,"column":44},"end":{"line":62,"column":101}},"10":{"start":{"line":63,"column":46},"end":{"line":63,"column":105}},"11":{"start":{"line":65,"column":30},"end":{"line":90,"column":31}},"12":{"start":{"line":66,"column":32},"end":{"line":77,"column":34}},"13":{"start":{"line":78,"column":37},"end":{"line":90,"column":31}},"14":{"start":{"line":79,"column":32},"end":{"line":89,"column":34}},"15":{"start":{"line":102,"column":0},"end":{"line":102,"column":61}}},"fnMap":{"0":{"name":"(anonymous_0)","decl":{"start":{"line":29,"column":11},"end":{"line":29,"column":12}},"loc":{"start":{"line":29,"column":27},"end":{"line":31,"column":3}},"line":29},"1":{"name":"(anonymous_1)","decl":{"start":{"line":35,"column":2},"end":{"line":35,"column":3}},"loc":{"start":{"line":35,"column":21},"end":{"line":42,"column":3}},"line":35},"2":{"name":"(anonymous_2)","decl":{"start":{"line":43,"column":2},"end":{"line":43,"column":3}},"loc":{"start":{"line":43,"column":11},"end":{"line":99,"column":3}},"line":43},"3":{"name":"(anonymous_3)","decl":{"start":{"line":60,"column":21},"end":{"line":60,"column":22}},"loc":{"start":{"line":60,"column":65},"end":{"line":91,"column":29}},"line":60}},"branchMap":{"0":{"loc":{"start":{"line":65,"column":30},"end":{"line":90,"column":31}},"type":"if","locations":[{"start":{"line":65,"column":30},"end":{"line":90,"column":31}},{"start":{"line":65,"column":30},"end":{"line":90,"column":31}}],"line":65},"1":{"loc":{"start":{"line":78,"column":37},"end":{"line":90,"column":31}},"type":"if","locations":[{"start":{"line":78,"column":37},"end":{"line":90,"column":31}},{"start":{"line":78,"column":37},"end":{"line":90,"column":31}}],"line":78},"2":{"loc":{"start":{"line":78,"column":41},"end":{"line":78,"column":74}},"type":"binary-expr","locations":[{"start":{"line":78,"column":41},"end":{"line":78,"column":58}},{"start":{"line":78,"column":62},"end":{"line":78,"column":74}}],"line":78}},"s":{"0":0,"1":0,"2":0,"3":0,"4":0,"5":0,"6":0,"7":0,"8":0,"9":0,"10":0,"11":0,"12":0,"13":0,"14":0,"15":0},"f":{"0":0,"1":0,"2":0,"3":0},"b":{"0":[0,0],"1":[0,0],"2":[0,0]},"hash":"55f0d3a1525a19e55df35f2961ef4f600e04a26f"}
,"E:\\sample\\ldng.lexus\\react-app\\src\\components\\welcome\\index.js": {"path":"E:\\sample\\ldng.lexus\\react-app\\src\\components\\welcome\\index.js","statementMap":{"0":{"start":{"line":4,"column":31},"end":{"line":11,"column":1}},"1":{"start":{"line":9,"column":8},"end":{"line":9,"column":20}},"2":{"start":{"line":15,"column":8},"end":{"line":149,"column":10}}},"fnMap":{"0":{"name":"(anonymous_0)","decl":{"start":{"line":8,"column":13},"end":{"line":8,"column":14}},"loc":{"start":{"line":8,"column":30},"end":{"line":10,"column":5}},"line":8},"1":{"name":"(anonymous_1)","decl":{"start":{"line":14,"column":4},"end":{"line":14,"column":5}},"loc":{"start":{"line":14,"column":13},"end":{"line":150,"column":5}},"line":14}},"branchMap":{"0":{"loc":{"start":{"line":54,"column":53},"end":{"line":72,"column":62}},"type":"binary-expr","locations":[{"start":{"line":54,"column":53},"end":{"line":54,"column":83}},{"start":{"line":55,"column":56},"end":{"line":72,"column":62}}],"line":54},"1":{"loc":{"start":{"line":76,"column":53},"end":{"line":94,"column":62}},"type":"binary-expr","locations":[{"start":{"line":76,"column":53},"end":{"line":76,"column":83}},{"start":{"line":77,"column":56},"end":{"line":94,"column":62}}],"line":76},"2":{"loc":{"start":{"line":96,"column":53},"end":{"line":114,"column":62}},"type":"binary-expr","locations":[{"start":{"line":96,"column":53},"end":{"line":96,"column":83}},{"start":{"line":97,"column":56},"end":{"line":114,"column":62}}],"line":96},"3":{"loc":{"start":{"line":117,"column":49},"end":{"line":137,"column":58}},"type":"binary-expr","locations":[{"start":{"line":117,"column":49},"end":{"line":117,"column":79}},{"start":{"line":118,"column":52},"end":{"line":137,"column":58}}],"line":117}},"s":{"0":0,"1":0,"2":0},"f":{"0":0,"1":0},"b":{"0":[0,0],"1":[0,0],"2":[0,0],"3":[0,0]},"hash":"57436889a070980922935083f27e256cfd3a052d"}
,"E:\\sample\\ldng.lexus\\react-app\\src\\utils\\extract-model-id.js": {"path":"E:\\sample\\ldng.lexus\\react-app\\src\\utils\\extract-model-id.js","statementMap":{"0":{"start":{"line":24,"column":2},"end":{"line":24,"column":44}}},"fnMap":{"0":{"name":"extractModelId","decl":{"start":{"line":23,"column":24},"end":{"line":23,"column":38}},"loc":{"start":{"line":23,"column":45},"end":{"line":25,"column":1}},"line":23}},"branchMap":{"0":{"loc":{"start":{"line":24,"column":9},"end":{"line":24,"column":43}},"type":"binary-expr","locations":[{"start":{"line":24,"column":9},"end":{"line":24,"column":13}},{"start":{"line":24,"column":17},"end":{"line":24,"column":43}}],"line":24}},"s":{"0":6},"f":{"0":6},"b":{"0":[6,3]},"_coverageSchema":"43e27e138ebf9cfc5966b082cf9a028302ed4184","hash":"24ca226f223df05018fd7d3ebc3637f8ff73bd00"}
}
