TN:
SF:E:\sample\ldng.lexus\react-app\src\GetAccessTokenButton.js
FN:3,GetTokenButton
FN:4,(anonymous_1)
FN:6,(anonymous_2)
FNF:3
FNH:0
FNDA:0,GetTokenButton
FNDA:0,(anonymous_1)
FNDA:0,(anonymous_2)
DA:4,0
DA:6,0
DA:7,0
DA:11,0
LF:4
LH:0
BRF:0
BRH:0
end_of_record
TN:
SF:E:\sample\ldng.lexus\react-app\src\GetIdTokenButton.js
FN:3,GetTokenButton
FN:4,(anonymous_1)
FN:5,(anonymous_2)
FNF:3
FNH:0
FNDA:0,GetTokenButton
FNDA:0,(anonymous_1)
FNDA:0,(anonymous_2)
DA:4,0
DA:5,0
DA:6,0
DA:10,0
LF:4
LH:0
BRF:0
BRH:0
end_of_record
TN:
SF:E:\sample\ldng.lexus\react-app\src\authProvider.js
FN:24,(anonymous_0)
FNF:1
FNH:0
FNDA:0,(anonymous_0)
DA:7,0
DA:25,0
LF:2
LH:0
BRF:0
BRH:0
end_of_record
TN:
SF:E:\sample\ldng.lexus\react-app\src\react-app-env.d.ts
FNF:0
FNH:0
LF:0
LH:0
BRF:0
BRH:0
end_of_record
TN:
SF:E:\sample\ldng.lexus\react-app\src\reduxStore.js
FN:12,(anonymous_0)
FNF:1
FNH:0
FNDA:0,(anonymous_0)
DA:4,0
DA:12,0
DA:13,0
DA:15,0
DA:21,0
DA:27,0
DA:32,0
DA:37,0
DA:42,0
DA:43,0
DA:44,0
DA:51,0
DA:52,0
DA:53,0
DA:55,0
DA:60,0
DA:65,0
LF:17
LH:0
BRDA:12,0,0,0
BRDA:13,1,0,0
BRDA:13,1,1,0
BRDA:13,1,2,0
BRDA:13,1,3,0
BRDA:13,1,4,0
BRDA:13,1,5,0
BRDA:13,1,6,0
BRDA:13,1,7,0
BRDA:13,1,8,0
BRDA:13,1,9,0
BRDA:13,1,10,0
BRDA:69,2,0,0
BRDA:69,2,1,0
BRF:14
BRH:0
end_of_record
TN:
SF:E:\sample\ldng.lexus\react-app\src\SliderArrow\index.tsx
FN:9,(anonymous_0)
FNF:1
FNH:0
FNDA:0,(anonymous_0)
DA:9,0
DA:10,0
LF:2
LH:0
BRF:0
BRH:0
end_of_record
TN:
SF:E:\sample\ldng.lexus\react-app\src\components\import-components.js
FNF:0
FNH:0
LF:0
LH:0
BRF:0
BRH:0
end_of_record
TN:
SF:E:\sample\ldng.lexus\react-app\src\components\App\App.css
FNF:0
FNH:0
DA:1,1
LF:1
LH:1
BRF:0
BRH:0
end_of_record
TN:
SF:E:\sample\ldng.lexus\react-app\src\components\App\index.js
FN:24,(anonymous_0)
FNF:1
FNH:1
FNDA:1,(anonymous_0)
DA:20,1
DA:25,1
LF:2
LH:2
BRF:0
BRH:0
end_of_record
TN:
SF:E:\sample\ldng.lexus\react-app\src\components\ExploreDrivers\index.js
FN:12,(anonymous_0)
FN:21,(anonymous_1)
FNF:2
FNH:0
FNDA:0,(anonymous_0)
FNDA:0,(anonymous_1)
DA:8,0
DA:14,0
DA:22,0
DA:54,0
LF:4
LH:0
BRF:0
BRH:0
end_of_record
TN:
SF:E:\sample\ldng.lexus\react-app\src\components\Manuals\index.js
FN:28,(anonymous_0)
FN:35,(anonymous_1)
FNF:2
FNH:0
FNDA:0,(anonymous_0)
FNDA:0,(anonymous_1)
DA:21,0
DA:24,0
DA:36,0
DA:221,0
LF:4
LH:0
BRF:0
BRH:0
end_of_record
TN:
SF:E:\sample\ldng.lexus\react-app\src\components\Page\Page.css
FNF:0
FNH:0
DA:1,1
LF:1
LH:1
BRF:0
BRH:0
end_of_record
TN:
SF:E:\sample\ldng.lexus\react-app\src\components\Page\index.js
FN:25,(anonymous_0)
FNF:1
FNH:1
FNDA:2,(anonymous_0)
DA:19,1
DA:26,2
DA:27,2
DA:28,2
LF:4
LH:4
BRDA:27,0,0,2
BRDA:27,0,1,0
BRDA:27,1,0,2
BRDA:27,1,1,1
BRF:4
BRH:3
end_of_record
TN:
SF:E:\sample\ldng.lexus\react-app\src\components\RouteHelper\index.js
FN:30,(anonymous_0)
FN:32,(anonymous_1)
FN:41,(anonymous_2)
FNF:3
FNH:3
FNDA:7,(anonymous_0)
FNDA:5,(anonymous_1)
FNDA:1,(anonymous_2)
DA:30,2
DA:31,7
DA:33,5
DA:34,5
DA:35,3
DA:38,2
DA:41,2
DA:42,1
LF:8
LH:8
BRDA:34,0,0,3
BRDA:34,0,1,2
BRDA:38,1,0,2
BRDA:38,1,1,2
BRF:4
BRH:4
end_of_record
TN:
SF:E:\sample\ldng.lexus\react-app\src\components\Text\Text.css
FNF:0
FNH:0
DA:1,1
LF:1
LH:1
BRF:0
BRH:0
end_of_record
TN:
SF:E:\sample\ldng.lexus\react-app\src\components\Text\index.js
FN:32,(anonymous_0)
FN:42,(anonymous_1)
FN:46,(anonymous_2)
FN:50,(anonymous_3)
FNF:4
FNH:3
FNDA:0,(anonymous_0)
FNDA:3,(anonymous_1)
FNDA:2,(anonymous_2)
FNDA:5,(anonymous_3)
DA:21,1
DA:28,1
DA:33,0
DA:43,3
DA:47,2
DA:51,5
LF:6
LH:5
BRDA:33,0,0,0
BRDA:33,0,1,0
BRDA:33,0,2,0
BRDA:51,1,0,3
BRDA:51,1,1,2
BRF:5
BRH:2
end_of_record
TN:
SF:E:\sample\ldng.lexus\react-app\src\components\image\index.js
FN:9,(anonymous_0)
FN:17,(anonymous_1)
FN:24,(anonymous_2)
FN:31,(anonymous_3)
FNF:4
FNH:0
FNDA:0,(anonymous_0)
FNDA:0,(anonymous_1)
FNDA:0,(anonymous_2)
FNDA:0,(anonymous_3)
DA:4,0
DA:6,0
DA:10,0
DA:18,0
DA:19,0
DA:21,0
DA:27,0
DA:32,0
LF:8
LH:0
BRDA:10,0,0,0
BRDA:10,0,1,0
BRDA:10,0,2,0
BRDA:18,1,0,0
BRDA:18,1,1,0
BRDA:18,2,0,0
BRDA:18,2,1,0
BRDA:28,3,0,0
BRDA:28,3,1,0
BRF:9
BRH:0
end_of_record
TN:
SF:E:\sample\ldng.lexus\react-app\src\components\weather\index.js
FN:29,(anonymous_0)
FN:35,(anonymous_1)
FN:43,(anonymous_2)
FN:60,(anonymous_3)
FNF:4
FNH:0
FNDA:0,(anonymous_0)
FNDA:0,(anonymous_1)
FNDA:0,(anonymous_2)
FNDA:0,(anonymous_3)
DA:24,0
DA:26,0
DA:30,0
DA:36,0
DA:39,0
DA:40,0
DA:41,0
DA:44,0
DA:61,0
DA:62,0
DA:63,0
DA:65,0
DA:66,0
DA:78,0
DA:79,0
DA:102,0
LF:16
LH:0
BRDA:65,0,0,0
BRDA:65,0,1,0
BRDA:78,1,0,0
BRDA:78,1,1,0
BRDA:78,2,0,0
BRDA:78,2,1,0
BRF:6
BRH:0
end_of_record
TN:
SF:E:\sample\ldng.lexus\react-app\src\components\welcome\index.js
FN:8,(anonymous_0)
FN:14,(anonymous_1)
FNF:2
FNH:0
FNDA:0,(anonymous_0)
FNDA:0,(anonymous_1)
DA:4,0
DA:9,0
DA:15,0
LF:3
LH:0
BRDA:54,0,0,0
BRDA:54,0,1,0
BRDA:76,1,0,0
BRDA:76,1,1,0
BRDA:96,2,0,0
BRDA:96,2,1,0
BRDA:117,3,0,0
BRDA:117,3,1,0
BRF:8
BRH:0
end_of_record
TN:
SF:E:\sample\ldng.lexus\react-app\src\utils\extract-model-id.js
FN:23,extractModelId
FNF:1
FNH:1
FNDA:6,extractModelId
DA:24,6
LF:1
LH:1
BRDA:24,0,0,6
BRDA:24,0,1,3
BRF:2
BRH:2
end_of_record
